app/build/intermediates/manifest_merge_blame_file/debug/manifest-merger-blame-debug-report.txt
1<?xml version="1.0" encoding="utf-8"?>
2<manifest xmlns:android="http://schemas.android.com/apk/res/android"
3    package="com.zeeshanelahi.barcodescanningdemostrationapp"
4    android:versionCode="1"
5    android:versionName="1.0" >
6
7    <uses-sdk
8        android:minSdkVersion="26"
8-->src/main/AndroidManifest.xml
9        android:targetSdkVersion="28" />
9-->src/main/AndroidManifest.xml
10
11    <uses-feature android:name="android.hardware.camera.autofocus" />
11-->src/main/AndroidManifest.xml:29:1-66
11-->src/main/AndroidManifest.xml:29:15-63
12    <uses-feature android:name="android.hardware.camera" />
12-->src/main/AndroidManifest.xml:30:1-56
12-->src/main/AndroidManifest.xml:30:15-53
13
14    <uses-permission android:name="android.permission.CAMERA" />
14-->src/main/AndroidManifest.xml:32:1-61
14-->src/main/AndroidManifest.xml:32:18-58
15
16    <!-- Although the *SdkVersion is captured in gradle build files, this is required for non gradle builds -->
17    <!-- <uses-sdk android:minSdkVersion="14"/> -->
18    <uses-permission android:name="android.permission.ACCESS_NETWORK_STATE" />
18-->[com.google.android.datatransport:transport-backend-cct:2.2.2] AndroidManifest.xml:25:5-79
18-->[com.google.android.datatransport:transport-backend-cct:2.2.2] AndroidManifest.xml:25:22-76
19    <uses-permission android:name="android.permission.INTERNET" />
19-->[com.google.android.datatransport:transport-backend-cct:2.2.2] AndroidManifest.xml:26:5-67
19-->[com.google.android.datatransport:transport-backend-cct:2.2.2] AndroidManifest.xml:26:22-64
20
21    <application
21-->src/main/AndroidManifest.xml:5:1-27:15
22        android:allowBackup="true"
22-->src/main/AndroidManifest.xml:6:5-31
23        android:appComponentFactory="androidx.core.app.CoreComponentFactory"
23-->[androidx.core:core:1.1.0] AndroidManifest.xml:24:18-86
24        android:debuggable="true"
25        android:extractNativeLibs="false"
26        android:icon="@mipmap/ic_launcher"
26-->src/main/AndroidManifest.xml:7:5-39
27        android:label="@string/app_name"
27-->src/main/AndroidManifest.xml:8:5-37
28        android:roundIcon="@mipmap/ic_launcher_round"
28-->src/main/AndroidManifest.xml:9:5-50
29        android:supportsRtl="true"
29-->src/main/AndroidManifest.xml:10:5-31
30        android:testOnly="true"
31        android:theme="@style/AppTheme" >
31-->src/main/AndroidManifest.xml:11:5-36
32        <meta-data
32-->src/main/AndroidManifest.xml:13:5-15:64
33            android:name="com.google.android.gms.version"
33-->src/main/AndroidManifest.xml:14:9-54
34            android:value="@integer/google_play_services_version" />
34-->src/main/AndroidManifest.xml:15:9-62
35
36        <activity
36-->src/main/AndroidManifest.xml:17:5-25:16
37            android:name="com.zeeshanelahi.barcodescannerandcameraxdemo.BarcodeScannerActivity"
37-->src/main/AndroidManifest.xml:17:15-98
38            android:screenOrientation="portrait"
38-->src/main/AndroidManifest.xml:19:9-45
39            android:theme="@style/AppTheme.NoActionBar" >
39-->src/main/AndroidManifest.xml:18:9-52
40            <intent-filter>
40-->src/main/AndroidManifest.xml:20:9-24:25
41                <action android:name="android.intent.action.MAIN" />
41-->src/main/AndroidManifest.xml:21:13-65
41-->src/main/AndroidManifest.xml:21:21-62
42
43                <category android:name="android.intent.category.LAUNCHER" />
43-->src/main/AndroidManifest.xml:23:13-73
43-->src/main/AndroidManifest.xml:23:23-70
44            </intent-filter>
45        </activity>
46
47        <service
47-->[androidx.room:room-runtime:2.2.5] AndroidManifest.xml:25:9-28:40
48            android:name="androidx.room.MultiInstanceInvalidationService"
48-->[androidx.room:room-runtime:2.2.5] AndroidManifest.xml:26:13-74
49            android:directBootAware="true"
49-->[androidx.room:room-runtime:2.2.5] AndroidManifest.xml:27:13-43
50            android:exported="false" />
50-->[androidx.room:room-runtime:2.2.5] AndroidManifest.xml:28:13-37
51        <service
51-->[com.google.android.gms:play-services-mlkit-barcode-scanning:16.0.0] AndroidManifest.xml:9:9-15:19
52            android:name="com.google.mlkit.common.internal.MlKitComponentDiscoveryService"
52-->[com.google.android.gms:play-services-mlkit-barcode-scanning:16.0.0] AndroidManifest.xml:10:13-91
53            android:directBootAware="true"
53-->[com.google.mlkit:common:16.0.0] AndroidManifest.xml:17:13-43
54            android:exported="false" >
54-->[com.google.android.gms:play-services-mlkit-barcode-scanning:16.0.0] AndroidManifest.xml:11:13-37
55            <meta-data
55-->[com.google.android.gms:play-services-mlkit-barcode-scanning:16.0.0] AndroidManifest.xml:12:13-14:85
56                android:name="com.google.firebase.components:com.google.mlkit.vision.barcode.internal.BarcodeRegistrar"
56-->[com.google.android.gms:play-services-mlkit-barcode-scanning:16.0.0] AndroidManifest.xml:13:17-120
57                android:value="com.google.firebase.components.ComponentRegistrar" />
57-->[com.google.android.gms:play-services-mlkit-barcode-scanning:16.0.0] AndroidManifest.xml:14:17-82
58            <meta-data
58-->[com.google.mlkit:vision-common:16.0.0] AndroidManifest.xml:12:13-14:85
59                android:name="com.google.firebase.components:com.google.mlkit.vision.common.internal.VisionCommonRegistrar"
59-->[com.google.mlkit:vision-common:16.0.0] AndroidManifest.xml:13:17-124
60                android:value="com.google.firebase.components.ComponentRegistrar" />
60-->[com.google.mlkit:vision-common:16.0.0] AndroidManifest.xml:14:17-82
61            <meta-data
61-->[com.google.mlkit:common:16.0.0] AndroidManifest.xml:20:13-22:85
62                android:name="com.google.firebase.components:com.google.mlkit.common.internal.CommonComponentRegistrar"
62-->[com.google.mlkit:common:16.0.0] AndroidManifest.xml:21:17-120
63                android:value="com.google.firebase.components.ComponentRegistrar" />
63-->[com.google.mlkit:common:16.0.0] AndroidManifest.xml:22:17-82
64        </service>
65
66        <provider
66-->[com.google.mlkit:common:16.0.0] AndroidManifest.xml:9:9-13:38
67            android:name="com.google.mlkit.common.internal.MlKitInitProvider"
67-->[com.google.mlkit:common:16.0.0] AndroidManifest.xml:10:13-78
68            android:authorities="com.zeeshanelahi.barcodescanningdemostrationapp.mlkitinitprovider"
68-->[com.google.mlkit:common:16.0.0] AndroidManifest.xml:11:13-69
69            android:exported="false"
69-->[com.google.mlkit:common:16.0.0] AndroidManifest.xml:12:13-37
70            android:initOrder="99" />
70-->[com.google.mlkit:common:16.0.0] AndroidManifest.xml:13:13-35
71
72        <activity
72-->[com.google.android.gms:play-services-base:17.0.0] AndroidManifest.xml:23:9-26:75
73            android:name="com.google.android.gms.common.api.GoogleApiActivity"
73-->[com.google.android.gms:play-services-base:17.0.0] AndroidManifest.xml:24:13-79
74            android:exported="false"
74-->[com.google.android.gms:play-services-base:17.0.0] AndroidManifest.xml:25:13-37
75            android:theme="@android:style/Theme.Translucent.NoTitleBar" />
75-->[com.google.android.gms:play-services-base:17.0.0] AndroidManifest.xml:26:13-72
76
77        <service
77-->[com.google.android.datatransport:transport-backend-cct:2.2.2] AndroidManifest.xml:29:9-35:19
78            android:name="com.google.android.datatransport.runtime.backends.TransportBackendDiscovery"
78-->[com.google.android.datatransport:transport-backend-cct:2.2.2] AndroidManifest.xml:30:13-103
79            android:exported="false" >
79-->[com.google.android.datatransport:transport-backend-cct:2.2.2] AndroidManifest.xml:31:13-37
80            <meta-data
80-->[com.google.android.datatransport:transport-backend-cct:2.2.2] AndroidManifest.xml:32:13-34:39
81                android:name="backend:com.google.android.datatransport.cct.CctBackendFactory"
81-->[com.google.android.datatransport:transport-backend-cct:2.2.2] AndroidManifest.xml:33:17-94
82                android:value="cct" />
82-->[com.google.android.datatransport:transport-backend-cct:2.2.2] AndroidManifest.xml:34:17-36
83        </service>
84        <service
84-->[com.google.android.datatransport:transport-runtime:2.2.2] AndroidManifest.xml:26:9-30:19
85            android:name="com.google.android.datatransport.runtime.scheduling.jobscheduling.JobInfoSchedulerService"
85-->[com.google.android.datatransport:transport-runtime:2.2.2] AndroidManifest.xml:27:13-117
86            android:exported="false"
86-->[com.google.android.datatransport:transport-runtime:2.2.2] AndroidManifest.xml:28:13-37
87            android:permission="android.permission.BIND_JOB_SERVICE" >
87-->[com.google.android.datatransport:transport-runtime:2.2.2] AndroidManifest.xml:29:13-69
88        </service>
89
90        <receiver
90-->[com.google.android.datatransport:transport-runtime:2.2.2] AndroidManifest.xml:32:9-34:40
91            android:name="com.google.android.datatransport.runtime.scheduling.jobscheduling.AlarmManagerSchedulerBroadcastReceiver"
91-->[com.google.android.datatransport:transport-runtime:2.2.2] AndroidManifest.xml:33:13-132
92            android:exported="false" />
92-->[com.google.android.datatransport:transport-runtime:2.2.2] AndroidManifest.xml:34:13-37
93    </application>
94
95</manifest>